<?xml version="1.0" encoding="UTF-8"?>
<!-- Generated by org.testng.reporters.JUnitReportReporter -->
<testsuite hostname="DESKTOP-J5TRUJL" failures="0" tests="2" name="restassuredRequests.apiMethods" time="5.218" errors="0" timestamp="2024-01-05T08:51:16 IST" skipped="0">
  <testcase classname="restassuredRequests.apiMethods" name="getResource" time="0.184"/>
  <testcase classname="restassuredRequests.apiMethods" name="createNewResource" time="5.034"/>
</testsuite> <!-- restassuredRequests.apiMethods -->
