<?xml version="1.0" encoding="UTF-8"?>
<!-- Generated by org.testng.reporters.JUnitReportReporter -->
<testsuite hostname="DESKTOP-J5TRUJL" failures="0" tests="1" name="datadriventest.Datadriventestwithjsonfile" time="7.210" errors="0" timestamp="2024-01-10T21:21:54 IST" skipped="0">
  <testcase classname="datadriventest.Datadriventestwithjsonfile" name="postmethod" time="7.210"/>
</testsuite> <!-- datadriventest.Datadriventestwithjsonfile -->
